[LOG] System::create                           : Header version = 1.10.03. Current version = 1.10.03.
[LOG] Manager::init                            : maxchannels = 256 studioflags = 00000006 flags 00000000 extradriverdata 0000000000000000.
[LOG] SystemI::init                            : Initialize version=11003 (93157), maxchannels=256, flags=0x00020000
[LOG] SystemI::setOutputInternal               : Setting output to 'FMOD WASAPI Output'
[LOG] OutputWASAPI::init                       : Mix Format (WAVEFORMATEX): wFormatTag=0xFFFE, nChannels=2, nSamplesPerSec=48000, nAvgBytesPerSec=384000, nBlockAlign=8, wBitsPerSample=32, cbSize=22.
[LOG] OutputWASAPI::init                       : Mix Format (WAVEFORMATEXTENSIBLE): wValidBitsPerSample=32, dwChannelMask=0x00000003, SubFormat=00000003-0000-0010-8000-00AA00389B71.
[LOG] OutputWASAPI::init                       : Output buffer size: 4096 samples, latency: 0.00ms, period: 10.00ms, DSP buffer: 1024 * 4
[LOG] Thread::initThread                       : Init FMOD stream thread. Priority: 2, Stack Size: 65536, Semaphore: No, Sleep Time: 10, Looping: Yes.
[LOG] Thread::initThread                       : Init FMOD mixer thread. Priority: 3, Stack Size: 49152, Semaphore: No, Sleep Time: 0, Looping: Yes.
[LOG] AsyncManager::init                       : manager 0000000080A5A038 isAsync 0 updatePeriod 0.02
[LOG] AsyncManager::init                       : done
[LOG] PlaybackSystem::init                     : 
[LOG] Thread::initThread                       : Init FMOD Studio sample load thread. Priority: 0, Stack Size: 65536, Semaphore: No, Sleep Time: 1, Looping: No.
[LOG] PlaybackSystem::init                     : done
[LOG] Thread::initThread                       : Init FMOD Studio bank load thread. Priority: 0, Stack Size: 65536, Semaphore: No, Sleep Time: 1, Looping: No.
[LOG] Manager::init                            : done.
[WRN] AsyncCommandBuffer::growBuffer           : Growing command buffer to -1336419046 bytes. Initial command buffer size can be tuned to avoid dynamic growth using Studio::System::setAdvancedSettings()
[WRN] AsyncCommandBuffer::growBuffer           : Growing command buffer to -1336419046 bytes. Initial command buffer size can be tuned to avoid dynamic growth using Studio::System::setAdvancedSettings()
[LOG] SoundI::release                          :  (00000000A22E8538)
[LOG] SoundI::release                          :     rain_heavy (0000000080BA0668)
[LOG] SoundI::release                          :  (00000000A22E7848)
[LOG] SoundI::release                          :     rain_medium (0000000080BA1368)
[LOG] SoundI::release                          :  (00000000A22E8988)
[LOG] SoundI::release                          :     rain_light (0000000080B9E108)
[LOG] Thread::callback                         : FMOD Studio update thread finished.
[LOG] Thread::callback                         : FMOD Studio bank load thread finished.
[LOG] Profile::disconnectAll                   : Profiler disconnecting all clients
[LOG] Thread::callback                         : FMOD Studio sample load thread finished.
[LOG] LiveUpdate::release                      : 
[LOG] LiveUpdate::reset                        : Reset connection (reason Disconnected)
[LOG] Thread::callback                         : FMOD stream thread finished.
[LOG] Thread::callback                         : FMOD mixer thread finished.
[LOG] Profile::disconnectAll                   : Profiler disconnecting all clients
[LOG] SystemI::close                           : Closed.
[LOG] Manager::readBank                        : fileversion = 100, compatVersion = 99 (oldest = 44, newest = 100)
[LOG] Manager::readBank                        : fileversion = 100, compatVersion = 99 (oldest = 44, newest = 100)
[LOG] Manager::readBank                        : fileversion = 100, compatVersion = 99 (oldest = 44, newest = 100)
[LOG] Manager::readBank                        : fileversion = 100, compatVersion = 99 (oldest = 44, newest = 100)
[LOG] Manager::readBank                        : fileversion = 100, compatVersion = 99 (oldest = 44, newest = 100)
[LOG] Manager::readBank                        : fileversion = 100, compatVersion = 99 (oldest = 44, newest = 100)
[LOG] PlaybackSystem::acquireMasterBus         : Setting master channel group format to 3
[LOG] Manager::readBank                        : fileversion = 100, compatVersion = 99 (oldest = 44, newest = 100)
[LOG] PlaybackSystem::acquireMasterBus         : Setting master channel group format to 3
[LOG] SystemI::createSoundInternal             : Create name='', mode=0x02000202
[LOG] SystemI::createSoundInternal             : exinfo->cbsize             = 232
[LOG] SystemI::createSoundInternal             : exinfo->length             = 3440032
[LOG] SystemI::createSoundInternal             : exinfo->fileoffset         = 18752
[LOG] SystemI::createSoundInternal             : exinfo->numsubsounds       = 1
[LOG] SystemI::createSoundInternal             : exinfo->inclusionlist      = 00000000E1F0F5FC
[LOG] SystemI::createSoundInternal             : exinfo->inclusionlistnum   = 1
[LOG] SystemI::createSoundInternal             : exinfo->suggestedsoundtype = 5
[LOG] SystemI::createSoundInternal             : exinfo->useropen           = 00007FF8B0515EC0
[LOG] SystemI::createSoundInternal             : exinfo->userclose          = 00007FF8B0515E90
[LOG] SystemI::createSoundInternal             : exinfo->userread           = 00007FF8B0515F90
[LOG] SystemI::createSoundInternal             : exinfo->userseek           = 00007FF8B0516040
[LOG] SystemI::createSoundInternal             : exinfo->fileuserdata       = 00000000A20C7608
[LOG] SystemI::createSoundInternal             : exinfo->initialseekpostype = 1
[LOG] SystemI::DSPCodecPoolRegister            : register codec pool for pool type 5
[LOG] SystemI::createSoundInternal             : Sample 0/1: name='rain_heavy', format=2, channels=1, frequency=48000, lengthbytes=1512576, lengthpcm=2625898, pcmblocksize=0, loopstart=0, loopend=0, mode=0x00000000, channelmask=0x00000000, channelorder=0, peakvolume=0.266693.
[LOG] SystemI::createSoundInternal             : Create name='', mode=0x02000202
[LOG] SystemI::createSoundInternal             : exinfo->cbsize             = 232
[LOG] SystemI::createSoundInternal             : exinfo->length             = 3440032
[LOG] SystemI::createSoundInternal             : exinfo->fileoffset         = 18752
[LOG] SystemI::createSoundInternal             : exinfo->numsubsounds       = 1
[LOG] SystemI::createSoundInternal             : exinfo->inclusionlist      = 00000000E1F0F5FC
[LOG] SystemI::createSoundInternal             : exinfo->inclusionlistnum   = 1
[LOG] SystemI::createSoundInternal             : exinfo->suggestedsoundtype = 5
[LOG] SystemI::createSoundInternal             : exinfo->useropen           = 00007FF8B0515EC0
[LOG] SystemI::createSoundInternal             : exinfo->userclose          = 00007FF8B0515E90
[LOG] SystemI::createSoundInternal             : exinfo->userread           = 00007FF8B0515F90
[LOG] SystemI::createSoundInternal             : exinfo->userseek           = 00007FF8B0516040
[LOG] SystemI::createSoundInternal             : exinfo->fileuserdata       = 00000000A20C7608
[LOG] SystemI::createSoundInternal             : exinfo->initialseekpostype = 1
[LOG] SystemI::DSPCodecPoolRegister            : register codec pool for pool type 5
[LOG] SystemI::createSoundInternal             : Sample 0/1: name='rain_medium', format=2, channels=1, frequency=48000, lengthbytes=1548576, lengthpcm=2692474, pcmblocksize=0, loopstart=0, loopend=0, mode=0x00000000, channelmask=0x00000000, channelorder=0, peakvolume=0.430023.
[LOG] SystemI::createSoundInternal             : Create name='', mode=0x02000202
[LOG] SystemI::createSoundInternal             : exinfo->cbsize             = 232
[LOG] SystemI::createSoundInternal             : exinfo->length             = 3440032
[LOG] SystemI::createSoundInternal             : exinfo->fileoffset         = 18752
[LOG] SystemI::createSoundInternal             : exinfo->numsubsounds       = 1
[LOG] SystemI::createSoundInternal             : exinfo->inclusionlist      = 00000000E1F0F5FC
[LOG] SystemI::createSoundInternal             : exinfo->inclusionlistnum   = 1
[LOG] SystemI::createSoundInternal             : exinfo->suggestedsoundtype = 5
[LOG] SystemI::createSoundInternal             : exinfo->useropen           = 00007FF8B0515EC0
[LOG] SystemI::createSoundInternal             : exinfo->userclose          = 00007FF8B0515E90
[LOG] SystemI::createSoundInternal             : exinfo->userread           = 00007FF8B0515F90
[LOG] SystemI::createSoundInternal             : exinfo->userseek           = 00007FF8B0516040
[LOG] SystemI::createSoundInternal             : exinfo->fileuserdata       = 00000000A20C7608
[LOG] SystemI::createSoundInternal             : exinfo->initialseekpostype = 1
[LOG] SystemI::DSPCodecPoolRegister            : register codec pool for pool type 5
[LOG] SystemI::createSoundInternal             : Sample 0/1: name='rain_light', format=2, channels=1, frequency=48000, lengthbytes=377664, lengthpcm=726012, pcmblocksize=0, loopstart=0, loopend=0, mode=0x00000000, channelmask=0x00000000, channelorder=0, peakvolume=0.135132.
[LOG] SoundI::release                          :  (00000000A22E8538)
[LOG] SoundI::release                          :     rain_heavy (0000000080B9E788)
[LOG] SoundI::release                          :  (00000000A22E7848)
[LOG] SoundI::release                          :     rain_medium (0000000080B9EE08)
[LOG] SoundI::release                          :  (00000000A22E8818)
[LOG] SoundI::release                          :     rain_light (0000000080B9EC68)
[LOG] Manager::readBank                        : fileversion = 100, compatVersion = 99 (oldest = 44, newest = 100)
[LOG] PlaybackSystem::acquireMasterBus         : Setting master channel group format to 3
[LOG] SystemI::createSoundInternal             : Create name='', mode=0x02000202
[LOG] SystemI::createSoundInternal             : exinfo->cbsize             = 232
[LOG] SystemI::createSoundInternal             : exinfo->length             = 3440032
[LOG] SystemI::createSoundInternal             : exinfo->fileoffset         = 18752
[LOG] SystemI::createSoundInternal             : exinfo->numsubsounds       = 1
[LOG] SystemI::createSoundInternal             : exinfo->inclusionlist      = 00000000E1F0F5FC
[LOG] SystemI::createSoundInternal             : exinfo->inclusionlistnum   = 1
[LOG] SystemI::createSoundInternal             : exinfo->suggestedsoundtype = 5
[LOG] SystemI::createSoundInternal             : exinfo->useropen           = 00007FF8B0515EC0
[LOG] SystemI::createSoundInternal             : exinfo->userclose          = 00007FF8B0515E90
[LOG] SystemI::createSoundInternal             : exinfo->userread           = 00007FF8B0515F90
[LOG] SystemI::createSoundInternal             : exinfo->userseek           = 00007FF8B0516040
[LOG] SystemI::createSoundInternal             : exinfo->fileuserdata       = 00000000A20C6948
[LOG] SystemI::createSoundInternal             : exinfo->initialseekpostype = 1
[LOG] SystemI::DSPCodecPoolRegister            : register codec pool for pool type 5
[LOG] SystemI::createSoundInternal             : Sample 0/1: name='rain_heavy', format=2, channels=1, frequency=48000, lengthbytes=1512576, lengthpcm=2625898, pcmblocksize=0, loopstart=0, loopend=0, mode=0x00000000, channelmask=0x00000000, channelorder=0, peakvolume=0.266693.
[LOG] SystemI::createSoundInternal             : Create name='', mode=0x02000202
[LOG] SystemI::createSoundInternal             : exinfo->cbsize             = 232
[LOG] SystemI::createSoundInternal             : exinfo->length             = 3440032
[LOG] SystemI::createSoundInternal             : exinfo->fileoffset         = 18752
[LOG] SystemI::createSoundInternal             : exinfo->numsubsounds       = 1
[LOG] SystemI::createSoundInternal             : exinfo->inclusionlist      = 00000000E1F0F5FC
[LOG] SystemI::createSoundInternal             : exinfo->inclusionlistnum   = 1
[LOG] SystemI::createSoundInternal             : exinfo->suggestedsoundtype = 5
[LOG] SystemI::createSoundInternal             : exinfo->useropen           = 00007FF8B0515EC0
[LOG] SystemI::createSoundInternal             : exinfo->userclose          = 00007FF8B0515E90
[LOG] SystemI::createSoundInternal             : exinfo->userread           = 00007FF8B0515F90
[LOG] SystemI::createSoundInternal             : exinfo->userseek           = 00007FF8B0516040
[LOG] SystemI::createSoundInternal             : exinfo->fileuserdata       = 00000000A20C6948
[LOG] SystemI::createSoundInternal             : exinfo->initialseekpostype = 1
[LOG] SystemI::DSPCodecPoolRegister            : register codec pool for pool type 5
[LOG] SystemI::createSoundInternal             : Sample 0/1: name='rain_medium', format=2, channels=1, frequency=48000, lengthbytes=1548576, lengthpcm=2692474, pcmblocksize=0, loopstart=0, loopend=0, mode=0x00000000, channelmask=0x00000000, channelorder=0, peakvolume=0.430023.
[LOG] SystemI::createSoundInternal             : Create name='', mode=0x02000202
[LOG] SystemI::createSoundInternal             : exinfo->cbsize             = 232
[LOG] SystemI::createSoundInternal             : exinfo->length             = 3440032
[LOG] SystemI::createSoundInternal             : exinfo->fileoffset         = 18752
[LOG] SystemI::createSoundInternal             : exinfo->numsubsounds       = 1
[LOG] SystemI::createSoundInternal             : exinfo->inclusionlist      = 00000000E1F0F5FC
[LOG] SystemI::createSoundInternal             : exinfo->inclusionlistnum   = 1
[LOG] SystemI::createSoundInternal             : exinfo->suggestedsoundtype = 5
[LOG] SystemI::createSoundInternal             : exinfo->useropen           = 00007FF8B0515EC0
[LOG] SystemI::createSoundInternal             : exinfo->userclose          = 00007FF8B0515E90
[LOG] SystemI::createSoundInternal             : exinfo->userread           = 00007FF8B0515F90
[LOG] SystemI::createSoundInternal             : exinfo->userseek           = 00007FF8B0516040
[LOG] SystemI::createSoundInternal             : exinfo->fileuserdata       = 00000000A20C6948
[LOG] SystemI::createSoundInternal             : exinfo->initialseekpostype = 1
[LOG] SystemI::DSPCodecPoolRegister            : register codec pool for pool type 5
[LOG] SystemI::createSoundInternal             : Sample 0/1: name='rain_light', format=2, channels=1, frequency=48000, lengthbytes=377664, lengthpcm=726012, pcmblocksize=0, loopstart=0, loopend=0, mode=0x00000000, channelmask=0x00000000, channelorder=0, peakvolume=0.135132.
[LOG] SoundI::release                          :  (00000000A22E6E38)
[LOG] SoundI::release                          :     rain_heavy (0000000080B9F628)
[LOG] SoundI::release                          :  (00000000A22E7E08)
[LOG] SoundI::release                          :     rain_medium (0000000080B9E448)
[LOG] SoundI::release                          :  (00000000A22E8538)
[LOG] SoundI::release                          :     rain_light (0000000080BA11C8)
[LOG] Manager::readBank                        : fileversion = 100, compatVersion = 99 (oldest = 44, newest = 100)
[LOG] PlaybackSystem::acquireMasterBus         : Setting master channel group format to 3
[LOG] SystemI::createSoundInternal             : Create name='', mode=0x02000202
[LOG] SystemI::createSoundInternal             : exinfo->cbsize             = 232
[LOG] SystemI::createSoundInternal             : exinfo->length             = 3440032
[LOG] SystemI::createSoundInternal             : exinfo->fileoffset         = 18752
[LOG] SystemI::createSoundInternal             : exinfo->numsubsounds       = 1
[LOG] SystemI::createSoundInternal             : exinfo->inclusionlist      = 00000000E1F0F5FC
[LOG] SystemI::createSoundInternal             : exinfo->inclusionlistnum   = 1
[LOG] SystemI::createSoundInternal             : exinfo->suggestedsoundtype = 5
[LOG] SystemI::createSoundInternal             : exinfo->useropen           = 00007FF8B0515EC0
[LOG] SystemI::createSoundInternal             : exinfo->userclose          = 00007FF8B0515E90
[LOG] SystemI::createSoundInternal             : exinfo->userread           = 00007FF8B0515F90
[LOG] SystemI::createSoundInternal             : exinfo->userseek           = 00007FF8B0516040
[LOG] SystemI::createSoundInternal             : exinfo->fileuserdata       = 00000000A20C2DC8
[LOG] SystemI::createSoundInternal             : exinfo->initialseekpostype = 1
[LOG] SystemI::DSPCodecPoolRegister            : register codec pool for pool type 5
[LOG] SystemI::createSoundInternal             : Sample 0/1: name='rain_heavy', format=2, channels=1, frequency=48000, lengthbytes=1512576, lengthpcm=2625898, pcmblocksize=0, loopstart=0, loopend=0, mode=0x00000000, channelmask=0x00000000, channelorder=0, peakvolume=0.266693.
[LOG] SystemI::createSoundInternal             : Create name='', mode=0x02000202
[LOG] SystemI::createSoundInternal             : exinfo->cbsize             = 232
[LOG] SystemI::createSoundInternal             : exinfo->length             = 3440032
[LOG] SystemI::createSoundInternal             : exinfo->fileoffset         = 18752
[LOG] SystemI::createSoundInternal             : exinfo->numsubsounds       = 1
[LOG] SystemI::createSoundInternal             : exinfo->inclusionlist      = 00000000E1F0F5FC
[LOG] SystemI::createSoundInternal             : exinfo->inclusionlistnum   = 1
[LOG] SystemI::createSoundInternal             : exinfo->suggestedsoundtype = 5
[LOG] SystemI::createSoundInternal             : exinfo->useropen           = 00007FF8B0515EC0
[LOG] SystemI::createSoundInternal             : exinfo->userclose          = 00007FF8B0515E90
[LOG] SystemI::createSoundInternal             : exinfo->userread           = 00007FF8B0515F90
[LOG] SystemI::createSoundInternal             : exinfo->userseek           = 00007FF8B0516040
[LOG] SystemI::createSoundInternal             : exinfo->fileuserdata       = 00000000A20C2DC8
[LOG] SystemI::createSoundInternal             : exinfo->initialseekpostype = 1
[LOG] SystemI::DSPCodecPoolRegister            : register codec pool for pool type 5
[LOG] SystemI::createSoundInternal             : Sample 0/1: name='rain_medium', format=2, channels=1, frequency=48000, lengthbytes=1548576, lengthpcm=2692474, pcmblocksize=0, loopstart=0, loopend=0, mode=0x00000000, channelmask=0x00000000, channelorder=0, peakvolume=0.430023.
[LOG] SystemI::createSoundInternal             : Create name='', mode=0x02000202
[LOG] SystemI::createSoundInternal             : exinfo->cbsize             = 232
[LOG] SystemI::createSoundInternal             : exinfo->length             = 3440032
[LOG] SystemI::createSoundInternal             : exinfo->fileoffset         = 18752
[LOG] SystemI::createSoundInternal             : exinfo->numsubsounds       = 1
[LOG] SystemI::createSoundInternal             : exinfo->inclusionlist      = 00000000E1F0F5FC
[LOG] SystemI::createSoundInternal             : exinfo->inclusionlistnum   = 1
[LOG] SystemI::createSoundInternal             : exinfo->suggestedsoundtype = 5
[LOG] SystemI::createSoundInternal             : exinfo->useropen           = 00007FF8B0515EC0
[LOG] SystemI::createSoundInternal             : exinfo->userclose          = 00007FF8B0515E90
[LOG] SystemI::createSoundInternal             : exinfo->userread           = 00007FF8B0515F90
[LOG] SystemI::createSoundInternal             : exinfo->userseek           = 00007FF8B0516040
[LOG] SystemI::createSoundInternal             : exinfo->fileuserdata       = 00000000A20C2DC8
[LOG] SystemI::createSoundInternal             : exinfo->initialseekpostype = 1
[LOG] SystemI::DSPCodecPoolRegister            : register codec pool for pool type 5
[LOG] SystemI::createSoundInternal             : Sample 0/1: name='rain_light', format=2, channels=1, frequency=48000, lengthbytes=377664, lengthpcm=726012, pcmblocksize=0, loopstart=0, loopend=0, mode=0x00000000, channelmask=0x00000000, channelorder=0, peakvolume=0.135132.
[LOG] SoundI::release                          :  (00000000A22E7E08)
[LOG] SoundI::release                          :     rain_heavy (0000000080B9F628)
[LOG] SoundI::release                          :  (00000000A22E73F8)
[LOG] SoundI::release                          :     rain_medium (0000000080BA09A8)
[LOG] SoundI::release                          :  (00000000A22E8538)
[LOG] SoundI::release                          :     rain_light (0000000080B9DC28)
[LOG] Manager::readBank                        : fileversion = 100, compatVersion = 99 (oldest = 44, newest = 100)
[LOG] PlaybackSystem::acquireMasterBus         : Setting master channel group format to 3
[LOG] SystemI::createSoundInternal             : Create name='', mode=0x02000202
[LOG] SystemI::createSoundInternal             : exinfo->cbsize             = 232
[LOG] SystemI::createSoundInternal             : exinfo->length             = 3440032
[LOG] SystemI::createSoundInternal             : exinfo->fileoffset         = 18752
[LOG] SystemI::createSoundInternal             : exinfo->numsubsounds       = 1
[LOG] SystemI::createSoundInternal             : exinfo->inclusionlist      = 00000000E1F0F5FC
[LOG] SystemI::createSoundInternal             : exinfo->inclusionlistnum   = 1
[LOG] SystemI::createSoundInternal             : exinfo->suggestedsoundtype = 5
[LOG] SystemI::createSoundInternal             : exinfo->useropen           = 00007FF8B0515EC0
[LOG] SystemI::createSoundInternal             : exinfo->userclose          = 00007FF8B0515E90
[LOG] SystemI::createSoundInternal             : exinfo->userread           = 00007FF8B0515F90
[LOG] SystemI::createSoundInternal             : exinfo->userseek           = 00007FF8B0516040
[LOG] SystemI::createSoundInternal             : exinfo->fileuserdata       = 00000000A20C5A68
[LOG] SystemI::createSoundInternal             : exinfo->initialseekpostype = 1
[LOG] SystemI::DSPCodecPoolRegister            : register codec pool for pool type 5
[LOG] SystemI::createSoundInternal             : Sample 0/1: name='rain_heavy', format=2, channels=1, frequency=48000, lengthbytes=1512576, lengthpcm=2625898, pcmblocksize=0, loopstart=0, loopend=0, mode=0x00000000, channelmask=0x00000000, channelorder=0, peakvolume=0.266693.
[LOG] SystemI::createSoundInternal             : Create name='', mode=0x02000202
[LOG] SystemI::createSoundInternal             : exinfo->cbsize             = 232
[LOG] SystemI::createSoundInternal             : exinfo->length             = 3440032
[LOG] SystemI::createSoundInternal             : exinfo->fileoffset         = 18752
[LOG] SystemI::createSoundInternal             : exinfo->numsubsounds       = 1
[LOG] SystemI::createSoundInternal             : exinfo->inclusionlist      = 00000000E1F0F5FC
[LOG] SystemI::createSoundInternal             : exinfo->inclusionlistnum   = 1
[LOG] SystemI::createSoundInternal             : exinfo->suggestedsoundtype = 5
[LOG] SystemI::createSoundInternal             : exinfo->useropen           = 00007FF8B0515EC0
[LOG] SystemI::createSoundInternal             : exinfo->userclose          = 00007FF8B0515E90
[LOG] SystemI::createSoundInternal             : exinfo->userread           = 00007FF8B0515F90
[LOG] SystemI::createSoundInternal             : exinfo->userseek           = 00007FF8B0516040
[LOG] SystemI::createSoundInternal             : exinfo->fileuserdata       = 00000000A20C5A68
[LOG] SystemI::createSoundInternal             : exinfo->initialseekpostype = 1
[LOG] SystemI::DSPCodecPoolRegister            : register codec pool for pool type 5
[LOG] SystemI::createSoundInternal             : Sample 0/1: name='rain_medium', format=2, channels=1, frequency=48000, lengthbytes=1548576, lengthpcm=2692474, pcmblocksize=0, loopstart=0, loopend=0, mode=0x00000000, channelmask=0x00000000, channelorder=0, peakvolume=0.430023.
[LOG] SystemI::createSoundInternal             : Create name='', mode=0x02000202
[LOG] SystemI::createSoundInternal             : exinfo->cbsize             = 232
[LOG] SystemI::createSoundInternal             : exinfo->length             = 3440032
[LOG] SystemI::createSoundInternal             : exinfo->fileoffset         = 18752
[LOG] SystemI::createSoundInternal             : exinfo->numsubsounds       = 1
[LOG] SystemI::createSoundInternal             : exinfo->inclusionlist      = 00000000E1F0F5FC
[LOG] SystemI::createSoundInternal             : exinfo->inclusionlistnum   = 1
[LOG] SystemI::createSoundInternal             : exinfo->suggestedsoundtype = 5
[LOG] SystemI::createSoundInternal             : exinfo->useropen           = 00007FF8B0515EC0
[LOG] SystemI::createSoundInternal             : exinfo->userclose          = 00007FF8B0515E90
[LOG] SystemI::createSoundInternal             : exinfo->userread           = 00007FF8B0515F90
[LOG] SystemI::createSoundInternal             : exinfo->userseek           = 00007FF8B0516040
[LOG] SystemI::createSoundInternal             : exinfo->fileuserdata       = 00000000A20C5A68
[LOG] SystemI::createSoundInternal             : exinfo->initialseekpostype = 1
[LOG] SystemI::DSPCodecPoolRegister            : register codec pool for pool type 5
[LOG] SystemI::createSoundInternal             : Sample 0/1: name='rain_light', format=2, channels=1, frequency=48000, lengthbytes=377664, lengthpcm=726012, pcmblocksize=0, loopstart=0, loopend=0, mode=0x00000000, channelmask=0x00000000, channelorder=0, peakvolume=0.135132.
[LOG] SoundI::release                          :  (00000000A22E6FA8)
[LOG] SoundI::release                          :     rain_heavy (0000000080B9DF68)
[LOG] SoundI::release                          :  (00000000A22E76D8)
[LOG] SoundI::release                          :     rain_medium (0000000080B9F628)
[LOG] SoundI::release                          :  (00000000A22E7848)
[LOG] SoundI::release                          :     rain_light (0000000080B9F7C8)
[LOG] Manager::readBank                        : fileversion = 100, compatVersion = 99 (oldest = 44, newest = 100)
[LOG] Manager::readBank                        : fileversion = 100, compatVersion = 99 (oldest = 44, newest = 100)
[LOG] Manager::readBank                        : fileversion = 100, compatVersion = 99 (oldest = 44, newest = 100)
[LOG] Manager::readBank                        : fileversion = 100, compatVersion = 99 (oldest = 44, newest = 100)
[LOG] Manager::readBank                        : fileversion = 100, compatVersion = 99 (oldest = 44, newest = 100)
[LOG] Manager::readBank                        : fileversion = 100, compatVersion = 99 (oldest = 44, newest = 100)
[LOG] PlaybackSystem::acquireMasterBus         : Setting master channel group format to 3
[LOG] Manager::readBank                        : fileversion = 100, compatVersion = 99 (oldest = 44, newest = 100)
[LOG] PlaybackSystem::acquireMasterBus         : Setting master channel group format to 3
[LOG] SystemI::createSoundInternal             : Create name='', mode=0x02000202
[LOG] SystemI::createSoundInternal             : exinfo->cbsize             = 232
[LOG] SystemI::createSoundInternal             : exinfo->length             = 3440032
[LOG] SystemI::createSoundInternal             : exinfo->fileoffset         = 19104
[LOG] SystemI::createSoundInternal             : exinfo->numsubsounds       = 1
[LOG] SystemI::createSoundInternal             : exinfo->inclusionlist      = 00000000E1F0F5FC
[LOG] SystemI::createSoundInternal             : exinfo->inclusionlistnum   = 1
[LOG] SystemI::createSoundInternal             : exinfo->suggestedsoundtype = 5
[LOG] SystemI::createSoundInternal             : exinfo->useropen           = 00007FF8B0515EC0
[LOG] SystemI::createSoundInternal             : exinfo->userclose          = 00007FF8B0515E90
[LOG] SystemI::createSoundInternal             : exinfo->userread           = 00007FF8B0515F90
[LOG] SystemI::createSoundInternal             : exinfo->userseek           = 00007FF8B0516040
[LOG] SystemI::createSoundInternal             : exinfo->fileuserdata       = 00000000A20C2BA8
[LOG] SystemI::createSoundInternal             : exinfo->initialseekpostype = 1
[LOG] SystemI::DSPCodecPoolRegister            : register codec pool for pool type 5
[LOG] SystemI::createSoundInternal             : Sample 0/1: name='rain_heavy', format=2, channels=1, frequency=48000, lengthbytes=1512576, lengthpcm=2625898, pcmblocksize=0, loopstart=0, loopend=0, mode=0x00000000, channelmask=0x00000000, channelorder=0, peakvolume=0.266693.
[LOG] SystemI::createSoundInternal             : Create name='', mode=0x02000202
[LOG] SystemI::createSoundInternal             : exinfo->cbsize             = 232
[LOG] SystemI::createSoundInternal             : exinfo->length             = 3440032
[LOG] SystemI::createSoundInternal             : exinfo->fileoffset         = 19104
[LOG] SystemI::createSoundInternal             : exinfo->numsubsounds       = 1
[LOG] SystemI::createSoundInternal             : exinfo->inclusionlist      = 00000000E1F0F5FC
[LOG] SystemI::createSoundInternal             : exinfo->inclusionlistnum   = 1
[LOG] SystemI::createSoundInternal             : exinfo->suggestedsoundtype = 5
[LOG] SystemI::createSoundInternal             : exinfo->useropen           = 00007FF8B0515EC0
[LOG] SystemI::createSoundInternal             : exinfo->userclose          = 00007FF8B0515E90
[LOG] SystemI::createSoundInternal             : exinfo->userread           = 00007FF8B0515F90
[LOG] SystemI::createSoundInternal             : exinfo->userseek           = 00007FF8B0516040
[LOG] SystemI::createSoundInternal             : exinfo->fileuserdata       = 00000000A20C2BA8
[LOG] SystemI::createSoundInternal             : exinfo->initialseekpostype = 1
[LOG] SystemI::DSPCodecPoolRegister            : register codec pool for pool type 5
[LOG] SystemI::createSoundInternal             : Sample 0/1: name='rain_medium', format=2, channels=1, frequency=48000, lengthbytes=1548576, lengthpcm=2692474, pcmblocksize=0, loopstart=0, loopend=0, mode=0x00000000, channelmask=0x00000000, channelorder=0, peakvolume=0.430023.
[LOG] SystemI::createSoundInternal             : Create name='', mode=0x02000202
[LOG] SystemI::createSoundInternal             : exinfo->cbsize             = 232
[LOG] SystemI::createSoundInternal             : exinfo->length             = 3440032
[LOG] SystemI::createSoundInternal             : exinfo->fileoffset         = 19104
[LOG] SystemI::createSoundInternal             : exinfo->numsubsounds       = 1
[LOG] SystemI::createSoundInternal             : exinfo->inclusionlist      = 00000000E1F0F5FC
[LOG] SystemI::createSoundInternal             : exinfo->inclusionlistnum   = 1
[LOG] SystemI::createSoundInternal             : exinfo->suggestedsoundtype = 5
[LOG] SystemI::createSoundInternal             : exinfo->useropen           = 00007FF8B0515EC0
[LOG] SystemI::createSoundInternal             : exinfo->userclose          = 00007FF8B0515E90
[LOG] SystemI::createSoundInternal             : exinfo->userread           = 00007FF8B0515F90
[LOG] SystemI::createSoundInternal             : exinfo->userseek           = 00007FF8B0516040
[LOG] SystemI::createSoundInternal             : exinfo->fileuserdata       = 00000000A20C2BA8
[LOG] SystemI::createSoundInternal             : exinfo->initialseekpostype = 1
[LOG] SystemI::DSPCodecPoolRegister            : register codec pool for pool type 5
[LOG] SystemI::createSoundInternal             : Sample 0/1: name='rain_light', format=2, channels=1, frequency=48000, lengthbytes=377664, lengthpcm=726012, pcmblocksize=0, loopstart=0, loopend=0, mode=0x00000000, channelmask=0x00000000, channelorder=0, peakvolume=0.135132.
[LOG] SoundI::release                          :  (00000000A22E8538)
[LOG] SoundI::release                          :     rain_heavy (0000000080BA0808)
[LOG] SoundI::release                          :  (00000000A22E7118)
[LOG] SoundI::release                          :     rain_medium (0000000080B9F968)
[LOG] SoundI::release                          :  (00000000A22E7288)
[LOG] SoundI::release                          :     rain_light (0000000080BA09A8)
[LOG] Manager::readBank                        : fileversion = 100, compatVersion = 99 (oldest = 44, newest = 100)
[LOG] Manager::readBank                        : fileversion = 100, compatVersion = 99 (oldest = 44, newest = 100)
[LOG] Manager::readBank                        : fileversion = 100, compatVersion = 99 (oldest = 44, newest = 100)
[LOG] Manager::readBank                        : fileversion = 100, compatVersion = 99 (oldest = 44, newest = 100)
[LOG] Manager::readBank                        : fileversion = 100, compatVersion = 99 (oldest = 44, newest = 100)
[LOG] Manager::readBank                        : fileversion = 100, compatVersion = 99 (oldest = 44, newest = 100)
[LOG] PlaybackSystem::acquireMasterBus         : Setting master channel group format to 3
[LOG] Manager::readBank                        : fileversion = 100, compatVersion = 99 (oldest = 44, newest = 100)
[LOG] Manager::readBank                        : fileversion = 100, compatVersion = 99 (oldest = 44, newest = 100)
[LOG] Manager::readBank                        : fileversion = 100, compatVersion = 99 (oldest = 44, newest = 100)
[LOG] Manager::readBank                        : fileversion = 100, compatVersion = 99 (oldest = 44, newest = 100)
[LOG] Manager::readBank                        : fileversion = 100, compatVersion = 99 (oldest = 44, newest = 100)
[LOG] Manager::readBank                        : fileversion = 100, compatVersion = 99 (oldest = 44, newest = 100)
[LOG] PlaybackSystem::acquireMasterBus         : Setting master channel group format to 3
[LOG] Manager::readBank                        : fileversion = 100, compatVersion = 99 (oldest = 44, newest = 100)
[LOG] PlaybackSystem::acquireMasterBus         : Setting master channel group format to 3
[LOG] SystemI::createSoundInternal             : Create name='', mode=0x02000202
[LOG] SystemI::createSoundInternal             : exinfo->cbsize             = 232
[LOG] SystemI::createSoundInternal             : exinfo->length             = 3440032
[LOG] SystemI::createSoundInternal             : exinfo->fileoffset         = 19424
[LOG] SystemI::createSoundInternal             : exinfo->numsubsounds       = 1
[LOG] SystemI::createSoundInternal             : exinfo->inclusionlist      = 00000000E1F0F5FC
[LOG] SystemI::createSoundInternal             : exinfo->inclusionlistnum   = 1
[LOG] SystemI::createSoundInternal             : exinfo->suggestedsoundtype = 5
[LOG] SystemI::createSoundInternal             : exinfo->useropen           = 00007FF8B0515EC0
[LOG] SystemI::createSoundInternal             : exinfo->userclose          = 00007FF8B0515E90
[LOG] SystemI::createSoundInternal             : exinfo->userread           = 00007FF8B0515F90
[LOG] SystemI::createSoundInternal             : exinfo->userseek           = 00007FF8B0516040
[LOG] SystemI::createSoundInternal             : exinfo->fileuserdata       = 00000000A20C2768
[LOG] SystemI::createSoundInternal             : exinfo->initialseekpostype = 1
[LOG] SystemI::DSPCodecPoolRegister            : register codec pool for pool type 5
[LOG] SystemI::createSoundInternal             : Sample 0/1: name='rain_heavy', format=2, channels=1, frequency=48000, lengthbytes=1512576, lengthpcm=2625898, pcmblocksize=0, loopstart=0, loopend=0, mode=0x00000000, channelmask=0x00000000, channelorder=0, peakvolume=0.266693.
[LOG] SystemI::createSoundInternal             : Create name='', mode=0x02000202
[LOG] SystemI::createSoundInternal             : exinfo->cbsize             = 232
[LOG] SystemI::createSoundInternal             : exinfo->length             = 3440032
[LOG] SystemI::createSoundInternal             : exinfo->fileoffset         = 19424
[LOG] SystemI::createSoundInternal             : exinfo->numsubsounds       = 1
[LOG] SystemI::createSoundInternal             : exinfo->inclusionlist      = 00000000E1F0F5FC
[LOG] SystemI::createSoundInternal             : exinfo->inclusionlistnum   = 1
[LOG] SystemI::createSoundInternal             : exinfo->suggestedsoundtype = 5
[LOG] SystemI::createSoundInternal             : exinfo->useropen           = 00007FF8B0515EC0
[LOG] SystemI::createSoundInternal             : exinfo->userclose          = 00007FF8B0515E90
[LOG] SystemI::createSoundInternal             : exinfo->userread           = 00007FF8B0515F90
[LOG] SystemI::createSoundInternal             : exinfo->userseek           = 00007FF8B0516040
[LOG] SystemI::createSoundInternal             : exinfo->fileuserdata       = 00000000A20C2768
[LOG] SystemI::createSoundInternal             : exinfo->initialseekpostype = 1
[LOG] SystemI::DSPCodecPoolRegister            : register codec pool for pool type 5
[LOG] SystemI::createSoundInternal             : Sample 0/1: name='rain_medium', format=2, channels=1, frequency=48000, lengthbytes=1548576, lengthpcm=2692474, pcmblocksize=0, loopstart=0, loopend=0, mode=0x00000000, channelmask=0x00000000, channelorder=0, peakvolume=0.430023.
[LOG] SystemI::createSoundInternal             : Create name='', mode=0x02000202
[LOG] SystemI::createSoundInternal             : exinfo->cbsize             = 232
[LOG] SystemI::createSoundInternal             : exinfo->length             = 3440032
[LOG] SystemI::createSoundInternal             : exinfo->fileoffset         = 19424
[LOG] SystemI::createSoundInternal             : exinfo->numsubsounds       = 1
[LOG] SystemI::createSoundInternal             : exinfo->inclusionlist      = 00000000E1F0F5FC
[LOG] SystemI::createSoundInternal             : exinfo->inclusionlistnum   = 1
[LOG] SystemI::createSoundInternal             : exinfo->suggestedsoundtype = 5
[LOG] SystemI::createSoundInternal             : exinfo->useropen           = 00007FF8B0515EC0
[LOG] SystemI::createSoundInternal             : exinfo->userclose          = 00007FF8B0515E90
[LOG] SystemI::createSoundInternal             : exinfo->userread           = 00007FF8B0515F90
[LOG] SystemI::createSoundInternal             : exinfo->userseek           = 00007FF8B0516040
[LOG] SystemI::createSoundInternal             : exinfo->fileuserdata       = 00000000A20C2768
[LOG] SystemI::createSoundInternal             : exinfo->initialseekpostype = 1
[LOG] SystemI::DSPCodecPoolRegister            : register codec pool for pool type 5
[LOG] SystemI::createSoundInternal             : Sample 0/1: name='rain_light', format=2, channels=1, frequency=48000, lengthbytes=377664, lengthpcm=726012, pcmblocksize=0, loopstart=0, loopend=0, mode=0x00000000, channelmask=0x00000000, channelorder=0, peakvolume=0.135132.
[LOG] SoundI::release                          :  (00000000A22E7E08)
[LOG] SoundI::release                          :     rain_heavy (0000000080B9DC28)
[LOG] SoundI::release                          :  (00000000A22E8538)
[LOG] SoundI::release                          :     rain_medium (0000000080B9DF68)
[LOG] SoundI::release                          :  (00000000A22E7848)
[LOG] SoundI::release                          :     rain_light (0000000080B9F2E8)
[LOG] Thread::callback                         : FMOD Studio bank load thread finished.
[LOG] Thread::callback                         : FMOD Studio sample load thread finished.
[LOG] LiveUpdate::release                      : 
[LOG] LiveUpdate::reset                        : Reset connection (reason Disconnected)
[LOG] Thread::callback                         : FMOD stream thread finished.
[LOG] Thread::callback                         : FMOD mixer thread finished.
[LOG] SystemI::close                           : Closed.
